[2021-06-24T21:20:28.618379+02:00] query_log.NOTICE: Write query executed {"query":"insert into courses (name, author, create_date) \r\n    values ('High Performance PHP', 'Jonathon Klein', '2016-03-29')"} []
[2021-06-24T21:20:28.621081+02:00] query_log.INFO: Read query executed {"query":"select * from courses"} []
[2021-06-24T21:22:34.589406+02:00] query_log.NOTICE: Write query executed {"query":"DELETE FROM courses;"} []
[2021-06-24T21:22:34.634933+02:00] query_log.NOTICE: Write query executed {"query":"insert into courses (name, author, create_date) \r\n    values ('High Performance PHP', 'Jonathon Klein', '2016-03-29')"} []
[2021-06-24T21:22:34.714036+02:00] query_log.NOTICE: Write query executed {"query":"insert into courses (name, author, create_date) \r\n    values ('Composer: Getting Started', 'Jonathon Klein', '2016-09-16')"} []
[2021-06-24T21:22:34.748189+02:00] query_log.NOTICE: Write query executed {"query":"insert into courses (name, author, create_date) \r\n    values ('PHP: The Big Picture', 'Jonathon Klein', '2016-09-14')"} []
[2021-06-24T21:22:34.748563+02:00] query_log.INFO: Read query executed {"query":"select * from courses"} []
[2021-06-24T21:23:05.788645+02:00] query_log.NOTICE: Write query executed {"query":"DELETE FROM courses;"} []
[2021-06-24T21:23:05.854848+02:00] query_log.NOTICE: Write query executed {"query":"insert into courses (name, author, create_date) \r\n    values ('High Performance PHP', 'Jonathon Klein', '2016-03-29')"} []
[2021-06-24T21:23:05.871514+02:00] query_log.NOTICE: Write query executed {"query":"insert into courses (name, author, create_date) \r\n    values ('Composer: Getting Started', 'Jonathon Klein', '2016-09-16')"} []
[2021-06-24T21:23:05.888198+02:00] query_log.NOTICE: Write query executed {"query":"insert into courses (name, author, create_date) \r\n    values ('PHP: The Big Picture', 'Jonathon Klein', '2016-09-14')"} []
[2021-06-24T21:23:05.888596+02:00] query_log.INFO: Read query executed {"query":"select * from courses"} []
[2021-06-25T16:06:42.438465+02:00] query_log.NOTICE: Write query executed {"query":"DELETE FROM courses;"} []
[2021-06-25T16:06:42.543716+02:00] query_log.NOTICE: Write query executed {"query":"insert into courses (name, author, create_date) \r\n    values ('High Performance PHP', 'Jonathon Klein', '2016-03-29')"} []
[2021-06-25T16:06:42.593828+02:00] query_log.NOTICE: Write query executed {"query":"insert into courses (name, author, create_date) \r\n    values ('Composer: Getting Started', 'Jonathon Klein', '2016-09-16')"} []
[2021-06-25T16:06:42.610367+02:00] query_log.NOTICE: Write query executed {"query":"insert into courses (name, author, create_date) \r\n    values ('PHP: The Big Picture', 'Jonathon Klein', '2016-09-14')"} []
[2021-06-25T16:06:42.626211+02:00] query_log.INFO: Read query executed {"query":"select * from courses"} []
[2021-06-25T16:12:08.476729+02:00] query_log.NOTICE: Write query executed {"query":"DELETE FROM courses;"} []
[2021-06-25T16:14:22.714815+02:00] query_log.NOTICE: Write query executed {"query":"DELETE FROM courses;"} []
[2021-06-25T16:14:42.248380+02:00] query_log.NOTICE: Write query executed {"query":"DELETE FROM courses;"} []
[2021-06-25T16:14:42.280328+02:00] query_log.NOTICE: Write query executed {"query":"insert into courses (name, author, create_date) \r\n    values ('High Performance PHP', 'Jonathon Klein', '2016-03-29')"} []
[2021-06-25T16:14:42.297102+02:00] query_log.NOTICE: Write query executed {"query":"insert into courses (name, author, create_date) \r\n    values ('Composer: Getting Started', 'Jonathon Klein', '2016-09-16')"} []
[2021-06-25T16:14:42.346976+02:00] query_log.NOTICE: Write query executed {"query":"insert into courses (name, author, create_date) \r\n    values ('PHP: The Big Picture', 'Jonathon Klein', '2016-09-14')"} []
[2021-06-25T16:14:42.347284+02:00] query_log.INFO: Read query executed {"query":"select * from courses"} []
[2021-06-25T16:18:32.943384+02:00] query_log.NOTICE: Write query executed {"query":"insert into courses (name, author, create_date) \r\n    SELECT 'High Performance PHP','Jonathon Klein','2016-03-29'\r\n     WHERE NOT EXISTS\r\n     (SELECT 1 FROM courses where name='High Performance PHP')"} []
[2021-06-25T16:18:32.945299+02:00] query_log.NOTICE: Write query executed {"query":"insert into courses (name, author, create_date) \r\n    SELECT 'Composer: Getting Started','Jonathon Klein','2016-09-16'\r\n     WHERE NOT EXISTS\r\n     (SELECT 1 FROM courses where name='Composer: Getting Started')"} []
[2021-06-25T16:18:32.945480+02:00] query_log.NOTICE: Write query executed {"query":"insert into courses (name, author, create_date) \r\n    SELECT 'PHP: The Big Picture','Jonathon Klein','2016-09-14'\r\n     WHERE NOT EXISTS\r\n     (SELECT 1 FROM courses where name='PHP: The Big Picture')"} []
[2021-06-25T16:19:03.466928+02:00] query_log.NOTICE: Write query executed {"query":"insert into courses (name, author, create_date) \r\n    SELECT 'High Performance PHP','Jonathon Klein','2016-03-29'\r\n     WHERE NOT EXISTS\r\n     (SELECT 1 FROM courses where name='High Performance PHP')"} []
[2021-06-25T16:19:03.468753+02:00] query_log.NOTICE: Write query executed {"query":"insert into courses (name, author, create_date) \r\n    SELECT 'Composer: Getting Started','Jonathon Klein','2016-09-16'\r\n     WHERE NOT EXISTS\r\n     (SELECT 1 FROM courses where name='Composer: Getting Started')"} []
[2021-06-25T16:19:03.469049+02:00] query_log.NOTICE: Write query executed {"query":"insert into courses (name, author, create_date) \r\n    SELECT 'PHP: The Big Picture','Jonathon Klein','2016-09-14'\r\n     WHERE NOT EXISTS\r\n     (SELECT 1 FROM courses where name='PHP: The Big Picture')"} []
[2021-06-25T16:19:03.469284+02:00] query_log.INFO: Read query executed {"query":"select * from courses"} []
[2021-06-25T16:19:34.341900+02:00] query_log.NOTICE: Write query executed {"query":"insert into courses (name, author, create_date) \r\n    SELECT 'High Performance PHP','Jonathon Klein','2016-03-29'\r\n     WHERE NOT EXISTS\r\n     (SELECT 1 FROM courses where name='High Performance PHP')"} []
[2021-06-25T16:19:34.343452+02:00] query_log.NOTICE: Write query executed {"query":"insert into courses (name, author, create_date) \r\n    SELECT 'Composer: Getting Started','Jonathon Klein','2016-09-16'\r\n     WHERE NOT EXISTS\r\n     (SELECT 1 FROM courses where name='Composer: Getting Started')"} []
[2021-06-25T16:19:34.343730+02:00] query_log.NOTICE: Write query executed {"query":"insert into courses (name, author, create_date) \r\n    SELECT 'PHP: The Big Picture','Jonathon Klein','2016-09-14'\r\n     WHERE NOT EXISTS\r\n     (SELECT 1 FROM courses where name='PHP: The Big Picture')"} []
[2021-06-25T16:19:34.372228+02:00] query_log.NOTICE: Write query executed {"query":"insert into courses (name, author, create_date) \r\n    SELECT 'Not Understanding PHP','Scott Yamamoto','2021-06-24'\r\n     WHERE NOT EXISTS\r\n     (SELECT 1 FROM courses where name='Not Understanding PHP')"} []
[2021-06-25T16:19:34.405602+02:00] query_log.INFO: Read query executed {"query":"select * from courses"} []
